Release 12.4 Map M.81d (nt64)
Xilinx Mapping Report File for Design 'mips_multi_cycle'

Design Information
------------------
Command Line   : map -intstyle ise -p xc6slx16-csg324-2 -w -logic_opt off -ol
high -t 1 -xt 0 -register_duplication off -r 4 -global_opt off -mt off -ir off
-pr off -lc off -power off -o mips_multi_cycle_map.ncd mips_multi_cycle.ngd
mips_multi_cycle.pcf 
Target Device  : xc6slx16
Target Package : csg324
Target Speed   : -2
Mapper Version : spartan6 -- $Revision: 1.52.76.2 $
Mapped Date    : Mon Sep 30 10:09:28 2013

Design Summary
--------------
Number of errors:      0
Number of warnings:    0
Slice Logic Utilization:
  Number of Slice Registers:                   118 out of  18,224    1%
    Number used as Flip Flops:                 118
    Number used as Latches:                      0
    Number used as Latch-thrus:                  0
    Number used as AND/OR logics:                0
  Number of Slice LUTs:                        119 out of   9,112    1%
    Number used as logic:                      108 out of   9,112    1%
      Number using O6 output only:              80
      Number using O5 output only:               0
      Number using O5 and O6:                   28
      Number used as ROM:                        0
    Number used as Memory:                       0 out of   2,176    0%
    Number used exclusively as route-thrus:     11
      Number with same-slice register load:     11
      Number with same-slice carry load:         0
      Number with other load:                    0

Slice Logic Distribution:
  Number of occupied Slices:                    62 out of   2,278    2%
  Number of LUT Flip Flop pairs used:          148
    Number with an unused Flip Flop:            49 out of     148   33%
    Number with an unused LUT:                  29 out of     148   19%
    Number of fully used LUT-FF pairs:          70 out of     148   47%
    Number of unique control sets:               6
    Number of slice register sites lost
      to control set restrictions:              26 out of  18,224    1%

  A LUT Flip Flop pair for this architecture represents one LUT paired with
  one Flip Flop within a slice.  A control set is a unique combination of
  clock, reset, set, and enable signals for a registered element.
  The Slice Logic Distribution report is not meaningful if the design is
  over-mapped for a non-slice resource or if Placement fails.

IO Utilization:
  Number of bonded IOBs:                       229 out of     232   98%

Specific Feature Utilization:
  Number of RAMB16BWERs:                         0 out of      32    0%
  Number of RAMB8BWERs:                          0 out of      64    0%
  Number of BUFIO2/BUFIO2_2CLKs:                 0 out of      32    0%
  Number of BUFIO2FB/BUFIO2FB_2CLKs:             0 out of      32    0%
  Number of BUFG/BUFGMUXs:                       1 out of      16    6%
    Number used as BUFGs:                        1
    Number used as BUFGMUX:                      0
  Number of DCM/DCM_CLKGENs:                     0 out of       4    0%
  Number of ILOGIC2/ISERDES2s:                   0 out of     248    0%
  Number of IODELAY2/IODRP2/IODRP2_MCBs:         0 out of     248    0%
  Number of OLOGIC2/OSERDES2s:                   0 out of     248    0%
  Number of BSCANs:                              0 out of       4    0%
  Number of BUFHs:                               0 out of     128    0%
  Number of BUFPLLs:                             0 out of       8    0%
  Number of BUFPLL_MCBs:                         0 out of       4    0%
  Number of DSP48A1s:                            0 out of      32    0%
  Number of ICAPs:                               0 out of       1    0%
  Number of MCBs:                                0 out of       2    0%
  Number of PCILOGICSEs:                         0 out of       2    0%
  Number of PLL_ADVs:                            0 out of       2    0%
  Number of PMVs:                                0 out of       1    0%
  Number of STARTUPs:                            0 out of       1    0%
  Number of SUSPEND_SYNCs:                       0 out of       1    0%

Average Fanout of Non-Clock Nets:                3.15

Peak Memory Usage:  347 MB
Total REAL time to MAP completion:  2 mins 7 secs 
Total CPU time to MAP completion:   2 mins 7 secs 

Table of Contents
-----------------
Section 1 - Errors
Section 2 - Warnings
Section 3 - Informational
Section 4 - Removed Logic Summary
Section 5 - Removed Logic
Section 6 - IOB Properties
Section 7 - RPMs
Section 8 - Guide Report
Section 9 - Area Group and Partition Summary
Section 10 - Timing Report
Section 11 - Configuration String Information
Section 12 - Control Set Information
Section 13 - Utilization by Hierarchy

Section 1 - Errors
------------------

Section 2 - Warnings
--------------------
WARNING:Security:43 - No license file was found in the standard Xilinx license
directory.
WARNING:Security:44 - No license file was found.
WARNING:Security:42 - Your software subscription period has lapsed. Your current
version of Xilinx tools will continue to function, but you no longer qualify for
Xilinx software updates or new releases.

Section 3 - Informational
-------------------------
INFO:Security:50 - The XILINXD_LICENSE_FILE environment variable is set to
'2100@xilinx.license.idi.ntnu.no'.
INFO:Security:53 - The LM_LICENSE_FILE environment variable is not set.
INFO:Security:54 - 'xc6slx16' is a WebPack part.
INFO:LIT:243 - Logical network PLB_UABus<0> has no load.
INFO:LIT:395 - The above info message is repeated 201 more times for the
   following (max. 5 shown):
   PLB_UABus<1>,
   PLB_UABus<2>,
   PLB_UABus<3>,
   PLB_UABus<4>,
   PLB_UABus<5>
   To see the details of these info messages, please use the -detail switch.
INFO:MapLib:562 - No environment variables are currently set.
INFO:LIT:244 - All of the single ended outputs in this design are using slew
   rate limited output drivers. The delay on speed critical single ended outputs
   can be dramatically reduced by designating them as fast outputs.
INFO:Pack:1716 - Initializing temperature to 85.000 Celsius. (default - Range:
   0.000 to 85.000 Celsius)
INFO:Pack:1720 - Initializing voltage to 1.140 Volts. (default - Range: 1.140 to
   1.260 Volts)
INFO:Map:215 - The Interim Design Summary has been generated in the MAP Report
   (.mrp).
INFO:Pack:1650 - Map created a placed design.

Section 4 - Removed Logic Summary
---------------------------------
   1 block(s) optimized away

Section 5 - Removed Logic
-------------------------

Optimized Block(s):
TYPE 		BLOCK
GND 		XST_GND

Section 6 - IOB Properties
--------------------------

+---------------------------------------------------------------------------------------------------------------------------------------------------------+
| IOB Name                           | Type             | Direction | IO Standard          | Diff  | Drive    | Slew | Reg (s)      | Resistor | IOB      |
|                                    |                  |           |                      | Term  | Strength | Rate |              |          | Delay    |
+---------------------------------------------------------------------------------------------------------------------------------------------------------+
| PLB_ABus<0>                        | IOB              | INPUT     | LVCMOS25             |       |          |      |              |          |          |
| PLB_ABus<1>                        | IOB              | INPUT     | LVCMOS25             |       |          |      |              |          |          |
| PLB_ABus<2>                        | IOB              | INPUT     | LVCMOS25             |       |          |      |              |          |          |
| PLB_ABus<3>                        | IOB              | INPUT     | LVCMOS25             |       |          |      |              |          |          |
| PLB_ABus<4>                        | IOB              | INPUT     | LVCMOS25             |       |          |      |              |          |          |
| PLB_ABus<5>                        | IOB              | INPUT     | LVCMOS25             |       |          |      |              |          |          |
| PLB_ABus<6>                        | IOB              | INPUT     | LVCMOS25             |       |          |      |              |          |          |
| PLB_ABus<7>                        | IOB              | INPUT     | LVCMOS25             |       |          |      |              |          |          |
| PLB_ABus<8>                        | IOB              | INPUT     | LVCMOS25             |       |          |      |              |          |          |
| PLB_ABus<9>                        | IOB              | INPUT     | LVCMOS25             |       |          |      |              |          |          |
| PLB_ABus<10>                       | IOB              | INPUT     | LVCMOS25             |       |          |      |              |          |          |
| PLB_ABus<11>                       | IOB              | INPUT     | LVCMOS25             |       |          |      |              |          |          |
| PLB_ABus<12>                       | IOB              | INPUT     | LVCMOS25             |       |          |      |              |          |          |
| PLB_ABus<13>                       | IOB              | INPUT     | LVCMOS25             |       |          |      |              |          |          |
| PLB_ABus<14>                       | IOB              | INPUT     | LVCMOS25             |       |          |      |              |          |          |
| PLB_ABus<15>                       | IOB              | INPUT     | LVCMOS25             |       |          |      |              |          |          |
| PLB_ABus<16>                       | IOB              | INPUT     | LVCMOS25             |       |          |      |              |          |          |
| PLB_ABus<17>                       | IOB              | INPUT     | LVCMOS25             |       |          |      |              |          |          |
| PLB_ABus<18>                       | IOB              | INPUT     | LVCMOS25             |       |          |      |              |          |          |
| PLB_ABus<19>                       | IOB              | INPUT     | LVCMOS25             |       |          |      |              |          |          |
| PLB_ABus<20>                       | IOB              | INPUT     | LVCMOS25             |       |          |      |              |          |          |
| PLB_ABus<21>                       | IOB              | INPUT     | LVCMOS25             |       |          |      |              |          |          |
| PLB_ABus<22>                       | IOB              | INPUT     | LVCMOS25             |       |          |      |              |          |          |
| PLB_ABus<23>                       | IOB              | INPUT     | LVCMOS25             |       |          |      |              |          |          |
| PLB_ABus<24>                       | IOB              | INPUT     | LVCMOS25             |       |          |      |              |          |          |
| PLB_ABus<25>                       | IOB              | INPUT     | LVCMOS25             |       |          |      |              |          |          |
| PLB_ABus<26>                       | IOB              | INPUT     | LVCMOS25             |       |          |      |              |          |          |
| PLB_ABus<27>                       | IOB              | INPUT     | LVCMOS25             |       |          |      |              |          |          |
| PLB_ABus<28>                       | IOB              | INPUT     | LVCMOS25             |       |          |      |              |          |          |
| PLB_ABus<29>                       | IOB              | INPUT     | LVCMOS25             |       |          |      |              |          |          |
| PLB_ABus<30>                       | IOB              | INPUT     | LVCMOS25             |       |          |      |              |          |          |
| PLB_ABus<31>                       | IOB              | INPUT     | LVCMOS25             |       |          |      |              |          |          |
| PLB_BE<3>                          | IOB              | INPUT     | LVCMOS25             |       |          |      |              |          |          |
| PLB_BE<7>                          | IOB              | INPUT     | LVCMOS25             |       |          |      |              |          |          |
| PLB_BE<11>                         | IOB              | INPUT     | LVCMOS25             |       |          |      |              |          |          |
| PLB_BE<15>                         | IOB              | INPUT     | LVCMOS25             |       |          |      |              |          |          |
| PLB_PAValid                        | IOB              | INPUT     | LVCMOS25             |       |          |      |              |          |          |
| PLB_RNW                            | IOB              | INPUT     | LVCMOS25             |       |          |      |              |          |          |
| PLB_masterID<0>                    | IOB              | INPUT     | LVCMOS25             |       |          |      |              |          |          |
| PLB_masterID<1>                    | IOB              | INPUT     | LVCMOS25             |       |          |      |              |          |          |
| PLB_masterID<2>                    | IOB              | INPUT     | LVCMOS25             |       |          |      |              |          |          |
| PLB_size<0>                        | IOB              | INPUT     | LVCMOS25             |       |          |      |              |          |          |
| PLB_size<1>                        | IOB              | INPUT     | LVCMOS25             |       |          |      |              |          |          |
| PLB_size<2>                        | IOB              | INPUT     | LVCMOS25             |       |          |      |              |          |          |
| PLB_size<3>                        | IOB              | INPUT     | LVCMOS25             |       |          |      |              |          |          |
| PLB_type<0>                        | IOB              | INPUT     | LVCMOS25             |       |          |      |              |          |          |
| PLB_type<1>                        | IOB              | INPUT     | LVCMOS25             |       |          |      |              |          |          |
| PLB_type<2>                        | IOB              | INPUT     | LVCMOS25             |       |          |      |              |          |          |
| PLB_wrDBus<28>                     | IOB              | INPUT     | LVCMOS25             |       |          |      |              |          |          |
| PLB_wrDBus<29>                     | IOB              | INPUT     | LVCMOS25             |       |          |      |              |          |          |
| PLB_wrDBus<30>                     | IOB              | INPUT     | LVCMOS25             |       |          |      |              |          |          |
| PLB_wrDBus<31>                     | IOB              | INPUT     | LVCMOS25             |       |          |      |              |          |          |
| SPLB_Clk                           | IOB              | INPUT     | LVCMOS25             |       |          |      |              |          |          |
| SPLB_Rst                           | IOB              | INPUT     | LVCMOS25             |       |          |      |              |          |          |
| Sl_MBusy<0>                        | IOB              | OUTPUT    | LVCMOS25             |       | 12       | SLOW |              |          |          |
| Sl_MBusy<1>                        | IOB              | OUTPUT    | LVCMOS25             |       | 12       | SLOW |              |          |          |
| Sl_MBusy<2>                        | IOB              | OUTPUT    | LVCMOS25             |       | 12       | SLOW |              |          |          |
| Sl_MBusy<3>                        | IOB              | OUTPUT    | LVCMOS25             |       | 12       | SLOW |              |          |          |
| Sl_MBusy<4>                        | IOB              | OUTPUT    | LVCMOS25             |       | 12       | SLOW |              |          |          |
| Sl_MBusy<5>                        | IOB              | OUTPUT    | LVCMOS25             |       | 12       | SLOW |              |          |          |
| Sl_MBusy<6>                        | IOB              | OUTPUT    | LVCMOS25             |       | 12       | SLOW |              |          |          |
| Sl_MBusy<7>                        | IOB              | OUTPUT    | LVCMOS25             |       | 12       | SLOW |              |          |          |
| Sl_MIRQ<0>                         | IOB              | OUTPUT    | LVCMOS25             |       | 12       | SLOW |              |          |          |
| Sl_MIRQ<1>                         | IOB              | OUTPUT    | LVCMOS25             |       | 12       | SLOW |              |          |          |
| Sl_MIRQ<2>                         | IOB              | OUTPUT    | LVCMOS25             |       | 12       | SLOW |              |          |          |
| Sl_MIRQ<3>                         | IOB              | OUTPUT    | LVCMOS25             |       | 12       | SLOW |              |          |          |
| Sl_MIRQ<4>                         | IOB              | OUTPUT    | LVCMOS25             |       | 12       | SLOW |              |          |          |
| Sl_MIRQ<5>                         | IOB              | OUTPUT    | LVCMOS25             |       | 12       | SLOW |              |          |          |
| Sl_MIRQ<6>                         | IOB              | OUTPUT    | LVCMOS25             |       | 12       | SLOW |              |          |          |
| Sl_MIRQ<7>                         | IOB              | OUTPUT    | LVCMOS25             |       | 12       | SLOW |              |          |          |
| Sl_MRdErr<0>                       | IOB              | OUTPUT    | LVCMOS25             |       | 12       | SLOW |              |          |          |
| Sl_MRdErr<1>                       | IOB              | OUTPUT    | LVCMOS25             |       | 12       | SLOW |              |          |          |
| Sl_MRdErr<2>                       | IOB              | OUTPUT    | LVCMOS25             |       | 12       | SLOW |              |          |          |
| Sl_MRdErr<3>                       | IOB              | OUTPUT    | LVCMOS25             |       | 12       | SLOW |              |          |          |
| Sl_MRdErr<4>                       | IOB              | OUTPUT    | LVCMOS25             |       | 12       | SLOW |              |          |          |
| Sl_MRdErr<5>                       | IOB              | OUTPUT    | LVCMOS25             |       | 12       | SLOW |              |          |          |
| Sl_MRdErr<6>                       | IOB              | OUTPUT    | LVCMOS25             |       | 12       | SLOW |              |          |          |
| Sl_MRdErr<7>                       | IOB              | OUTPUT    | LVCMOS25             |       | 12       | SLOW |              |          |          |
| Sl_MWrErr<0>                       | IOB              | OUTPUT    | LVCMOS25             |       | 12       | SLOW |              |          |          |
| Sl_MWrErr<1>                       | IOB              | OUTPUT    | LVCMOS25             |       | 12       | SLOW |              |          |          |
| Sl_MWrErr<2>                       | IOB              | OUTPUT    | LVCMOS25             |       | 12       | SLOW |              |          |          |
| Sl_MWrErr<3>                       | IOB              | OUTPUT    | LVCMOS25             |       | 12       | SLOW |              |          |          |
| Sl_MWrErr<4>                       | IOB              | OUTPUT    | LVCMOS25             |       | 12       | SLOW |              |          |          |
| Sl_MWrErr<5>                       | IOB              | OUTPUT    | LVCMOS25             |       | 12       | SLOW |              |          |          |
| Sl_MWrErr<6>                       | IOB              | OUTPUT    | LVCMOS25             |       | 12       | SLOW |              |          |          |
| Sl_MWrErr<7>                       | IOB              | OUTPUT    | LVCMOS25             |       | 12       | SLOW |              |          |          |
| Sl_SSize<0>                        | IOB              | OUTPUT    | LVCMOS25             |       | 12       | SLOW |              |          |          |
| Sl_SSize<1>                        | IOB              | OUTPUT    | LVCMOS25             |       | 12       | SLOW |              |          |          |
| Sl_addrAck                         | IOB              | OUTPUT    | LVCMOS25             |       | 12       | SLOW |              |          |          |
| Sl_rdBTerm                         | IOB              | OUTPUT    | LVCMOS25             |       | 12       | SLOW |              |          |          |
| Sl_rdComp                          | IOB              | OUTPUT    | LVCMOS25             |       | 12       | SLOW |              |          |          |
| Sl_rdDAck                          | IOB              | OUTPUT    | LVCMOS25             |       | 12       | SLOW |              |          |          |
| Sl_rdDBus<0>                       | IOB              | OUTPUT    | LVCMOS25             |       | 12       | SLOW |              |          |          |
| Sl_rdDBus<1>                       | IOB              | OUTPUT    | LVCMOS25             |       | 12       | SLOW |              |          |          |
| Sl_rdDBus<2>                       | IOB              | OUTPUT    | LVCMOS25             |       | 12       | SLOW |              |          |          |
| Sl_rdDBus<3>                       | IOB              | OUTPUT    | LVCMOS25             |       | 12       | SLOW |              |          |          |
| Sl_rdDBus<4>                       | IOB              | OUTPUT    | LVCMOS25             |       | 12       | SLOW |              |          |          |
| Sl_rdDBus<5>                       | IOB              | OUTPUT    | LVCMOS25             |       | 12       | SLOW |              |          |          |
| Sl_rdDBus<6>                       | IOB              | OUTPUT    | LVCMOS25             |       | 12       | SLOW |              |          |          |
| Sl_rdDBus<7>                       | IOB              | OUTPUT    | LVCMOS25             |       | 12       | SLOW |              |          |          |
| Sl_rdDBus<8>                       | IOB              | OUTPUT    | LVCMOS25             |       | 12       | SLOW |              |          |          |
| Sl_rdDBus<9>                       | IOB              | OUTPUT    | LVCMOS25             |       | 12       | SLOW |              |          |          |
| Sl_rdDBus<10>                      | IOB              | OUTPUT    | LVCMOS25             |       | 12       | SLOW |              |          |          |
| Sl_rdDBus<11>                      | IOB              | OUTPUT    | LVCMOS25             |       | 12       | SLOW |              |          |          |
| Sl_rdDBus<12>                      | IOB              | OUTPUT    | LVCMOS25             |       | 12       | SLOW |              |          |          |
| Sl_rdDBus<13>                      | IOB              | OUTPUT    | LVCMOS25             |       | 12       | SLOW |              |          |          |
| Sl_rdDBus<14>                      | IOB              | OUTPUT    | LVCMOS25             |       | 12       | SLOW |              |          |          |
| Sl_rdDBus<15>                      | IOB              | OUTPUT    | LVCMOS25             |       | 12       | SLOW |              |          |          |
| Sl_rdDBus<16>                      | IOB              | OUTPUT    | LVCMOS25             |       | 12       | SLOW |              |          |          |
| Sl_rdDBus<17>                      | IOB              | OUTPUT    | LVCMOS25             |       | 12       | SLOW |              |          |          |
| Sl_rdDBus<18>                      | IOB              | OUTPUT    | LVCMOS25             |       | 12       | SLOW |              |          |          |
| Sl_rdDBus<19>                      | IOB              | OUTPUT    | LVCMOS25             |       | 12       | SLOW |              |          |          |
| Sl_rdDBus<20>                      | IOB              | OUTPUT    | LVCMOS25             |       | 12       | SLOW |              |          |          |
| Sl_rdDBus<21>                      | IOB              | OUTPUT    | LVCMOS25             |       | 12       | SLOW |              |          |          |
| Sl_rdDBus<22>                      | IOB              | OUTPUT    | LVCMOS25             |       | 12       | SLOW |              |          |          |
| Sl_rdDBus<23>                      | IOB              | OUTPUT    | LVCMOS25             |       | 12       | SLOW |              |          |          |
| Sl_rdDBus<24>                      | IOB              | OUTPUT    | LVCMOS25             |       | 12       | SLOW |              |          |          |
| Sl_rdDBus<25>                      | IOB              | OUTPUT    | LVCMOS25             |       | 12       | SLOW |              |          |          |
| Sl_rdDBus<26>                      | IOB              | OUTPUT    | LVCMOS25             |       | 12       | SLOW |              |          |          |
| Sl_rdDBus<27>                      | IOB              | OUTPUT    | LVCMOS25             |       | 12       | SLOW |              |          |          |
| Sl_rdDBus<28>                      | IOB              | OUTPUT    | LVCMOS25             |       | 12       | SLOW |              |          |          |
| Sl_rdDBus<29>                      | IOB              | OUTPUT    | LVCMOS25             |       | 12       | SLOW |              |          |          |
| Sl_rdDBus<30>                      | IOB              | OUTPUT    | LVCMOS25             |       | 12       | SLOW |              |          |          |
| Sl_rdDBus<31>                      | IOB              | OUTPUT    | LVCMOS25             |       | 12       | SLOW |              |          |          |
| Sl_rdDBus<32>                      | IOB              | OUTPUT    | LVCMOS25             |       | 12       | SLOW |              |          |          |
| Sl_rdDBus<33>                      | IOB              | OUTPUT    | LVCMOS25             |       | 12       | SLOW |              |          |          |
| Sl_rdDBus<34>                      | IOB              | OUTPUT    | LVCMOS25             |       | 12       | SLOW |              |          |          |
| Sl_rdDBus<35>                      | IOB              | OUTPUT    | LVCMOS25             |       | 12       | SLOW |              |          |          |
| Sl_rdDBus<36>                      | IOB              | OUTPUT    | LVCMOS25             |       | 12       | SLOW |              |          |          |
| Sl_rdDBus<37>                      | IOB              | OUTPUT    | LVCMOS25             |       | 12       | SLOW |              |          |          |
| Sl_rdDBus<38>                      | IOB              | OUTPUT    | LVCMOS25             |       | 12       | SLOW |              |          |          |
| Sl_rdDBus<39>                      | IOB              | OUTPUT    | LVCMOS25             |       | 12       | SLOW |              |          |          |
| Sl_rdDBus<40>                      | IOB              | OUTPUT    | LVCMOS25             |       | 12       | SLOW |              |          |          |
| Sl_rdDBus<41>                      | IOB              | OUTPUT    | LVCMOS25             |       | 12       | SLOW |              |          |          |
| Sl_rdDBus<42>                      | IOB              | OUTPUT    | LVCMOS25             |       | 12       | SLOW |              |          |          |
| Sl_rdDBus<43>                      | IOB              | OUTPUT    | LVCMOS25             |       | 12       | SLOW |              |          |          |
| Sl_rdDBus<44>                      | IOB              | OUTPUT    | LVCMOS25             |       | 12       | SLOW |              |          |          |
| Sl_rdDBus<45>                      | IOB              | OUTPUT    | LVCMOS25             |       | 12       | SLOW |              |          |          |
| Sl_rdDBus<46>                      | IOB              | OUTPUT    | LVCMOS25             |       | 12       | SLOW |              |          |          |
| Sl_rdDBus<47>                      | IOB              | OUTPUT    | LVCMOS25             |       | 12       | SLOW |              |          |          |
| Sl_rdDBus<48>                      | IOB              | OUTPUT    | LVCMOS25             |       | 12       | SLOW |              |          |          |
| Sl_rdDBus<49>                      | IOB              | OUTPUT    | LVCMOS25             |       | 12       | SLOW |              |          |          |
| Sl_rdDBus<50>                      | IOB              | OUTPUT    | LVCMOS25             |       | 12       | SLOW |              |          |          |
| Sl_rdDBus<51>                      | IOB              | OUTPUT    | LVCMOS25             |       | 12       | SLOW |              |          |          |
| Sl_rdDBus<52>                      | IOB              | OUTPUT    | LVCMOS25             |       | 12       | SLOW |              |          |          |
| Sl_rdDBus<53>                      | IOB              | OUTPUT    | LVCMOS25             |       | 12       | SLOW |              |          |          |
| Sl_rdDBus<54>                      | IOB              | OUTPUT    | LVCMOS25             |       | 12       | SLOW |              |          |          |
| Sl_rdDBus<55>                      | IOB              | OUTPUT    | LVCMOS25             |       | 12       | SLOW |              |          |          |
| Sl_rdDBus<56>                      | IOB              | OUTPUT    | LVCMOS25             |       | 12       | SLOW |              |          |          |
| Sl_rdDBus<57>                      | IOB              | OUTPUT    | LVCMOS25             |       | 12       | SLOW |              |          |          |
| Sl_rdDBus<58>                      | IOB              | OUTPUT    | LVCMOS25             |       | 12       | SLOW |              |          |          |
| Sl_rdDBus<59>                      | IOB              | OUTPUT    | LVCMOS25             |       | 12       | SLOW |              |          |          |
| Sl_rdDBus<60>                      | IOB              | OUTPUT    | LVCMOS25             |       | 12       | SLOW |              |          |          |
| Sl_rdDBus<61>                      | IOB              | OUTPUT    | LVCMOS25             |       | 12       | SLOW |              |          |          |
| Sl_rdDBus<62>                      | IOB              | OUTPUT    | LVCMOS25             |       | 12       | SLOW |              |          |          |
| Sl_rdDBus<63>                      | IOB              | OUTPUT    | LVCMOS25             |       | 12       | SLOW |              |          |          |
| Sl_rdDBus<64>                      | IOB              | OUTPUT    | LVCMOS25             |       | 12       | SLOW |              |          |          |
| Sl_rdDBus<65>                      | IOB              | OUTPUT    | LVCMOS25             |       | 12       | SLOW |              |          |          |
| Sl_rdDBus<66>                      | IOB              | OUTPUT    | LVCMOS25             |       | 12       | SLOW |              |          |          |
| Sl_rdDBus<67>                      | IOB              | OUTPUT    | LVCMOS25             |       | 12       | SLOW |              |          |          |
| Sl_rdDBus<68>                      | IOB              | OUTPUT    | LVCMOS25             |       | 12       | SLOW |              |          |          |
| Sl_rdDBus<69>                      | IOB              | OUTPUT    | LVCMOS25             |       | 12       | SLOW |              |          |          |
| Sl_rdDBus<70>                      | IOB              | OUTPUT    | LVCMOS25             |       | 12       | SLOW |              |          |          |
| Sl_rdDBus<71>                      | IOB              | OUTPUT    | LVCMOS25             |       | 12       | SLOW |              |          |          |
| Sl_rdDBus<72>                      | IOB              | OUTPUT    | LVCMOS25             |       | 12       | SLOW |              |          |          |
| Sl_rdDBus<73>                      | IOB              | OUTPUT    | LVCMOS25             |       | 12       | SLOW |              |          |          |
| Sl_rdDBus<74>                      | IOB              | OUTPUT    | LVCMOS25             |       | 12       | SLOW |              |          |          |
| Sl_rdDBus<75>                      | IOB              | OUTPUT    | LVCMOS25             |       | 12       | SLOW |              |          |          |
| Sl_rdDBus<76>                      | IOB              | OUTPUT    | LVCMOS25             |       | 12       | SLOW |              |          |          |
| Sl_rdDBus<77>                      | IOB              | OUTPUT    | LVCMOS25             |       | 12       | SLOW |              |          |          |
| Sl_rdDBus<78>                      | IOB              | OUTPUT    | LVCMOS25             |       | 12       | SLOW |              |          |          |
| Sl_rdDBus<79>                      | IOB              | OUTPUT    | LVCMOS25             |       | 12       | SLOW |              |          |          |
| Sl_rdDBus<80>                      | IOB              | OUTPUT    | LVCMOS25             |       | 12       | SLOW |              |          |          |
| Sl_rdDBus<81>                      | IOB              | OUTPUT    | LVCMOS25             |       | 12       | SLOW |              |          |          |
| Sl_rdDBus<82>                      | IOB              | OUTPUT    | LVCMOS25             |       | 12       | SLOW |              |          |          |
| Sl_rdDBus<83>                      | IOB              | OUTPUT    | LVCMOS25             |       | 12       | SLOW |              |          |          |
| Sl_rdDBus<84>                      | IOB              | OUTPUT    | LVCMOS25             |       | 12       | SLOW |              |          |          |
| Sl_rdDBus<85>                      | IOB              | OUTPUT    | LVCMOS25             |       | 12       | SLOW |              |          |          |
| Sl_rdDBus<86>                      | IOB              | OUTPUT    | LVCMOS25             |       | 12       | SLOW |              |          |          |
| Sl_rdDBus<87>                      | IOB              | OUTPUT    | LVCMOS25             |       | 12       | SLOW |              |          |          |
| Sl_rdDBus<88>                      | IOB              | OUTPUT    | LVCMOS25             |       | 12       | SLOW |              |          |          |
| Sl_rdDBus<89>                      | IOB              | OUTPUT    | LVCMOS25             |       | 12       | SLOW |              |          |          |
| Sl_rdDBus<90>                      | IOB              | OUTPUT    | LVCMOS25             |       | 12       | SLOW |              |          |          |
| Sl_rdDBus<91>                      | IOB              | OUTPUT    | LVCMOS25             |       | 12       | SLOW |              |          |          |
| Sl_rdDBus<92>                      | IOB              | OUTPUT    | LVCMOS25             |       | 12       | SLOW |              |          |          |
| Sl_rdDBus<93>                      | IOB              | OUTPUT    | LVCMOS25             |       | 12       | SLOW |              |          |          |
| Sl_rdDBus<94>                      | IOB              | OUTPUT    | LVCMOS25             |       | 12       | SLOW |              |          |          |
| Sl_rdDBus<95>                      | IOB              | OUTPUT    | LVCMOS25             |       | 12       | SLOW |              |          |          |
| Sl_rdDBus<96>                      | IOB              | OUTPUT    | LVCMOS25             |       | 12       | SLOW |              |          |          |
| Sl_rdDBus<97>                      | IOB              | OUTPUT    | LVCMOS25             |       | 12       | SLOW |              |          |          |
| Sl_rdDBus<98>                      | IOB              | OUTPUT    | LVCMOS25             |       | 12       | SLOW |              |          |          |
| Sl_rdDBus<99>                      | IOB              | OUTPUT    | LVCMOS25             |       | 12       | SLOW |              |          |          |
| Sl_rdDBus<100>                     | IOB              | OUTPUT    | LVCMOS25             |       | 12       | SLOW |              |          |          |
| Sl_rdDBus<101>                     | IOB              | OUTPUT    | LVCMOS25             |       | 12       | SLOW |              |          |          |
| Sl_rdDBus<102>                     | IOB              | OUTPUT    | LVCMOS25             |       | 12       | SLOW |              |          |          |
| Sl_rdDBus<103>                     | IOB              | OUTPUT    | LVCMOS25             |       | 12       | SLOW |              |          |          |
| Sl_rdDBus<104>                     | IOB              | OUTPUT    | LVCMOS25             |       | 12       | SLOW |              |          |          |
| Sl_rdDBus<105>                     | IOB              | OUTPUT    | LVCMOS25             |       | 12       | SLOW |              |          |          |
| Sl_rdDBus<106>                     | IOB              | OUTPUT    | LVCMOS25             |       | 12       | SLOW |              |          |          |
| Sl_rdDBus<107>                     | IOB              | OUTPUT    | LVCMOS25             |       | 12       | SLOW |              |          |          |
| Sl_rdDBus<108>                     | IOB              | OUTPUT    | LVCMOS25             |       | 12       | SLOW |              |          |          |
| Sl_rdDBus<109>                     | IOB              | OUTPUT    | LVCMOS25             |       | 12       | SLOW |              |          |          |
| Sl_rdDBus<110>                     | IOB              | OUTPUT    | LVCMOS25             |       | 12       | SLOW |              |          |          |
| Sl_rdDBus<111>                     | IOB              | OUTPUT    | LVCMOS25             |       | 12       | SLOW |              |          |          |
| Sl_rdDBus<112>                     | IOB              | OUTPUT    | LVCMOS25             |       | 12       | SLOW |              |          |          |
| Sl_rdDBus<113>                     | IOB              | OUTPUT    | LVCMOS25             |       | 12       | SLOW |              |          |          |
| Sl_rdDBus<114>                     | IOB              | OUTPUT    | LVCMOS25             |       | 12       | SLOW |              |          |          |
| Sl_rdDBus<115>                     | IOB              | OUTPUT    | LVCMOS25             |       | 12       | SLOW |              |          |          |
| Sl_rdDBus<116>                     | IOB              | OUTPUT    | LVCMOS25             |       | 12       | SLOW |              |          |          |
| Sl_rdDBus<117>                     | IOB              | OUTPUT    | LVCMOS25             |       | 12       | SLOW |              |          |          |
| Sl_rdDBus<118>                     | IOB              | OUTPUT    | LVCMOS25             |       | 12       | SLOW |              |          |          |
| Sl_rdDBus<119>                     | IOB              | OUTPUT    | LVCMOS25             |       | 12       | SLOW |              |          |          |
| Sl_rdDBus<120>                     | IOB              | OUTPUT    | LVCMOS25             |       | 12       | SLOW |              |          |          |
| Sl_rdDBus<121>                     | IOB              | OUTPUT    | LVCMOS25             |       | 12       | SLOW |              |          |          |
| Sl_rdDBus<122>                     | IOB              | OUTPUT    | LVCMOS25             |       | 12       | SLOW |              |          |          |
| Sl_rdDBus<123>                     | IOB              | OUTPUT    | LVCMOS25             |       | 12       | SLOW |              |          |          |
| Sl_rdDBus<124>                     | IOB              | OUTPUT    | LVCMOS25             |       | 12       | SLOW |              |          |          |
| Sl_rdDBus<125>                     | IOB              | OUTPUT    | LVCMOS25             |       | 12       | SLOW |              |          |          |
| Sl_rdDBus<126>                     | IOB              | OUTPUT    | LVCMOS25             |       | 12       | SLOW |              |          |          |
| Sl_rdDBus<127>                     | IOB              | OUTPUT    | LVCMOS25             |       | 12       | SLOW |              |          |          |
| Sl_rdWdAddr<0>                     | IOB              | OUTPUT    | LVCMOS25             |       | 12       | SLOW |              |          |          |
| Sl_rdWdAddr<1>                     | IOB              | OUTPUT    | LVCMOS25             |       | 12       | SLOW |              |          |          |
| Sl_rdWdAddr<2>                     | IOB              | OUTPUT    | LVCMOS25             |       | 12       | SLOW |              |          |          |
| Sl_rdWdAddr<3>                     | IOB              | OUTPUT    | LVCMOS25             |       | 12       | SLOW |              |          |          |
| Sl_rearbitrate                     | IOB              | OUTPUT    | LVCMOS25             |       | 12       | SLOW |              |          |          |
| Sl_wait                            | IOB              | OUTPUT    | LVCMOS25             |       | 12       | SLOW |              |          |          |
| Sl_wrBTerm                         | IOB              | OUTPUT    | LVCMOS25             |       | 12       | SLOW |              |          |          |
| Sl_wrComp                          | IOB              | OUTPUT    | LVCMOS25             |       | 12       | SLOW |              |          |          |
| Sl_wrDAck                          | IOB              | OUTPUT    | LVCMOS25             |       | 12       | SLOW |              |          |          |
+---------------------------------------------------------------------------------------------------------------------------------------------------------+

Section 7 - RPMs
----------------

Section 8 - Guide Report
------------------------
Guide not run on this design.

Section 9 - Area Group and Partition Summary
--------------------------------------------

Partition Implementation Status
-------------------------------

  No Partitions were found in this design.

-------------------------------

Area Group Information
----------------------

  No area groups were found in this design.

----------------------

Section 10 - Timing Report
--------------------------
A logic-level (pre-route) timing report can be generated by using Xilinx static
timing analysis tools, Timing Analyzer (GUI) or TRCE (command line), with the
mapped NCD and PCF files. Please note that this timing report will be generated
using estimated delay information. For accurate numbers, please generate a
timing report with the post Place and Route NCD file.

For more information about the Timing Analyzer, consult the Xilinx Timing
Analyzer Reference Manual; for more information about TRCE, consult the Xilinx
Command Line Tools User Guide "TRACE" chapter.

Section 11 - Configuration String Details
-----------------------------------------
Use the "-detail" map option to print out Configuration Strings

Section 12 - Control Set Information
------------------------------------
Use the "-detail" map option to print out Control Set Information.

Section 13 - Utilization by Hierarchy
-------------------------------------
Use the "-detail" map option to print out the Utilization by Hierarchy section.
